<?xml version="1.0" encoding="UTF-8"?>
<!-- Generated by org.testng.reporters.JUnitReportReporter -->
<testsuite hostname="DESKTOP-RFQMCP3" failures="0" tests="4" name="com.opencart.qa.testcases.RegisterTest" time="47.731" errors="0" timestamp="2023-12-25T11:32:52 IST" skipped="0">
  <testcase classname="com.opencart.qa.testcases.RegisterTest" name="verifyregisterwithmandatoryfield" time="10.104"/>
  <testcase classname="com.opencart.qa.testcases.RegisterTest" name="verifyregisterwithallfield" time="10.440"/>
  <testcase classname="com.opencart.qa.testcases.RegisterTest" name="verifyregisterwithsameemail" time="13.085"/>
  <testcase classname="com.opencart.qa.testcases.RegisterTest" name="verifyregisterwithoutdetails" time="14.102"/>
</testsuite> <!-- com.opencart.qa.testcases.RegisterTest -->
