<?xml version="1.0" encoding="UTF-8"?>
<!-- Generated by org.testng.reporters.JUnitReportReporter -->
<testsuite hostname="DESKTOP-RFQMCP3" failures="0" tests="3" name="com.opencart.qa.testcases.SearchTest" time="22.433" errors="0" timestamp="2023-12-25T11:32:52 IST" skipped="0">
  <testcase classname="com.opencart.qa.testcases.SearchTest" name="verifysearchwithvalidproduct" time="7.221"/>
  <testcase classname="com.opencart.qa.testcases.SearchTest" name="verifysearchwithINvalidproduct" time="5.757"/>
  <testcase classname="com.opencart.qa.testcases.SearchTest" name="verifysearchwithoutanyproduct" time="9.455"/>
</testsuite> <!-- com.opencart.qa.testcases.SearchTest -->
