<?xml version="1.0" encoding="UTF-8"?>
<!-- Generated by org.testng.reporters.JUnitReportReporter -->
<testsuite hostname="DESKTOP-RFQMCP3" failures="0" tests="3" name="com.opencart.qa.testcases.Search" time="22.023" errors="0" timestamp="2023-12-24T14:20:22 IST" skipped="0">
  <testcase classname="com.opencart.qa.testcases.Search" name="verifysearchwithvalidproduct" time="7.649"/>
  <testcase classname="com.opencart.qa.testcases.Search" name="verifysearchwithINvalidproduct" time="8.627"/>
  <testcase classname="com.opencart.qa.testcases.Search" name="verifysearchwithoutanyproduct" time="5.747"/>
</testsuite> <!-- com.opencart.qa.testcases.Search -->
