<?xml version="1.0" encoding="UTF-8"?>
<!-- Generated by org.testng.reporters.JUnitReportReporter -->
<testsuite hostname="DESKTOP-RFQMCP3" failures="0" tests="7" name="com.opencart.qa.testcases.LoginTest" time="60.440" errors="0" timestamp="2023-12-25T11:32:52 IST" skipped="0">
  <testcase classname="com.opencart.qa.testcases.LoginTest" name="verifylogin" time="8.785"/>
  <testcase classname="com.opencart.qa.testcases.LoginTest" name="verifylogin" time="8.198"/>
  <testcase classname="com.opencart.qa.testcases.LoginTest" name="verifylogin" time="8.380"/>
  <testcase classname="com.opencart.qa.testcases.LoginTest" name="verifyloginwithinvalid" time="8.237"/>
  <testcase classname="com.opencart.qa.testcases.LoginTest" name="verifyloginwithinvalidemaiandvalidpass" time="8.940"/>
  <testcase classname="com.opencart.qa.testcases.LoginTest" name="verifylofinwithvalidemaiandinvalidpass" time="10.054"/>
  <testcase classname="com.opencart.qa.testcases.LoginTest" name="verifylofinwithoutcredentials" time="7.846"/>
</testsuite> <!-- com.opencart.qa.testcases.LoginTest -->
