<?xml version="1.0" encoding="UTF-8"?>
<!-- Generated by org.testng.reporters.JUnitReportReporter -->
<testsuite hostname="DESKTOP-RFQMCP3" failures="0" tests="4" name="com.opencart.qa.testcases.Register" time="39.943" errors="0" timestamp="2023-12-24T14:20:22 IST" skipped="0">
  <testcase classname="com.opencart.qa.testcases.Register" name="verifyregisterwithmandatoryfield" time="8.659"/>
  <testcase classname="com.opencart.qa.testcases.Register" name="verifyregisterwithallfield" time="16.590"/>
  <testcase classname="com.opencart.qa.testcases.Register" name="verifyregisterwithsameemail" time="7.940"/>
  <testcase classname="com.opencart.qa.testcases.Register" name="verifyregisterwithoutdetails" time="6.754"/>
</testsuite> <!-- com.opencart.qa.testcases.Register -->
